2021/12/28 00:01:28.335 [I] [asm_amd64.s:1374]  http server Running on http://:8080
2021/12/28 00:01:29.866 [I] [asm_amd64.s:1374]  http server Running on http://:8080
2021/12/28 00:05:07.527 [I] [asm_amd64.s:1374]  http server Running on http://:8080
2021/12/28 00:05:36.274 [I] [asm_amd64.s:1374]  http server Running on http://:8080
2021/12/28 00:08:20.646 [I] [asm_amd64.s:1374]  http server Running on http://:8080
2021/12/28 00:08:26.009 [I] [asm_amd64.s:1374]  http server Running on http://:8080
2021/12/28 00:10:04.572 [I] [asm_amd64.s:1374]  http server Running on http://:8080
2021/12/28 00:10:06.651 [D] [controller.go:264]  template Execute err: template: productInfo.html:38:34: executing "productInfo.html" at <.IsLogin>: can't evaluate field IsLogin in type interface {}
2021/12/28 00:10:06.653 [E] [server.go:2843]  template: productInfo.html:38:34: executing "productInfo.html" at <.IsLogin>: can't evaluate field IsLogin in type interface {}
2021/12/28 00:10:45.839 [I] [asm_amd64.s:1374]  http server Running on http://:8080
2021/12/28 00:11:26.274 [I] [asm_amd64.s:1374]  http server Running on http://:8080
2021/12/28 00:12:22.323 [I] [asm_amd64.s:1374]  http server Running on http://:8080
2021/12/28 00:13:31.259 [I] [asm_amd64.s:1374]  http server Running on http://:8080
2021/12/28 00:19:01.914 [I] [asm_amd64.s:1374]  http server Running on http://:8080
2021/12/28 00:19:03.046 [I] [asm_amd64.s:1374]  http server Running on http://:8080
2021/12/28 00:21:58.582 [E] [product.go:100]  <QuerySeter> no row found
2021/12/28 00:21:58.603 [E] [product.go:75]  <QuerySeter> no row found
2021/12/28 00:21:58.604 [E] [productInfoController.go:56]  strconv.ParseInt: parsing "": invalid syntax
2021/12/28 00:26:27.146 [E] [product.go:100]  <QuerySeter> no row found
2021/12/28 00:26:27.156 [E] [product.go:75]  <QuerySeter> no row found
2021/12/28 00:26:27.157 [E] [productInfoController.go:56]  strconv.ParseInt: parsing "": invalid syntax
2021/12/28 00:27:41.732 [E] [product.go:100]  <QuerySeter> no row found
2021/12/28 00:27:41.743 [E] [product.go:75]  <QuerySeter> no row found
2021/12/28 00:27:41.744 [E] [productInfoController.go:56]  strconv.ParseInt: parsing "": invalid syntax
2021/12/28 00:28:27.058 [E] [product.go:100]  <QuerySeter> no row found
2021/12/28 00:28:27.076 [E] [product.go:75]  <QuerySeter> no row found
2021/12/28 00:28:27.077 [E] [productInfoController.go:56]  strconv.ParseInt: parsing "": invalid syntax
2021/12/28 00:29:02.441 [E] [product.go:100]  <QuerySeter> no row found
2021/12/28 00:29:02.450 [E] [product.go:75]  <QuerySeter> no row found
2021/12/28 00:29:02.451 [E] [productInfoController.go:56]  strconv.ParseInt: parsing "": invalid syntax
2021/12/28 00:29:13.613 [E] [product.go:100]  <QuerySeter> no row found
2021/12/28 00:29:13.624 [E] [product.go:75]  <QuerySeter> no row found
2021/12/28 00:29:13.625 [E] [productInfoController.go:56]  strconv.ParseInt: parsing "": invalid syntax
2021/12/28 00:30:31.443 [E] [product.go:100]  <QuerySeter> no row found
2021/12/28 00:30:31.455 [E] [product.go:75]  <QuerySeter> no row found
2021/12/28 00:30:31.455 [E] [productInfoController.go:56]  strconv.ParseInt: parsing "": invalid syntax
2021/12/28 00:32:59.161 [E] [product.go:100]  <QuerySeter> no row found
2021/12/28 00:32:59.172 [E] [product.go:75]  <QuerySeter> no row found
2021/12/28 00:32:59.172 [E] [productInfoController.go:56]  strconv.ParseInt: parsing "": invalid syntax
2021/12/28 00:34:34.202 [E] [product.go:100]  <QuerySeter> no row found
2021/12/28 00:34:34.215 [E] [product.go:75]  <QuerySeter> no row found
2021/12/28 00:34:34.216 [E] [productInfoController.go:56]  strconv.ParseInt: parsing "": invalid syntax
2021/12/28 00:34:49.517 [E] [product.go:75]  <QuerySeter> no row found
2021/12/28 00:34:49.517 [E] [productInfoController.go:56]  strconv.ParseInt: parsing "": invalid syntax
2021/12/28 00:34:52.887 [E] [product.go:100]  <QuerySeter> no row found
2021/12/28 00:34:52.903 [E] [product.go:75]  <QuerySeter> no row found
2021/12/28 00:34:52.903 [E] [productInfoController.go:56]  strconv.ParseInt: parsing "": invalid syntax
2021/12/28 00:35:02.534 [E] [product.go:100]  <QuerySeter> no row found
2021/12/28 00:35:02.548 [E] [product.go:75]  <QuerySeter> no row found
2021/12/28 00:35:02.549 [E] [productInfoController.go:56]  strconv.ParseInt: parsing "": invalid syntax
2021/12/28 00:35:38.482 [E] [product.go:100]  <QuerySeter> no row found
2021/12/28 00:35:38.496 [E] [product.go:75]  <QuerySeter> no row found
2021/12/28 00:35:38.496 [E] [productInfoController.go:56]  strconv.ParseInt: parsing "": invalid syntax
2021/12/28 08:36:41.725 [I] [asm_amd64.s:1374]  http server Running on http://:8080
2021/12/28 08:36:42.776 [I] [asm_amd64.s:1374]  http server Running on http://:8080
2021/12/28 08:36:43.835 [I] [asm_amd64.s:1374]  http server Running on http://:8080
2021/12/28 08:36:45.127 [I] [asm_amd64.s:1374]  http server Running on http://:8080
2021/12/28 08:36:46.218 [I] [asm_amd64.s:1374]  http server Running on http://:8080
2021/12/28 08:36:47.194 [I] [asm_amd64.s:1374]  http server Running on http://:8080
2021/12/28 08:36:48.192 [I] [asm_amd64.s:1374]  http server Running on http://:8080
2021/12/28 08:36:49.175 [I] [asm_amd64.s:1374]  http server Running on http://:8080
2021/12/28 08:36:50.141 [I] [asm_amd64.s:1374]  http server Running on http://:8080
2021/12/28 08:36:51.140 [I] [asm_amd64.s:1374]  http server Running on http://:8080
2021/12/28 08:36:52.173 [I] [asm_amd64.s:1374]  http server Running on http://:8080
2021/12/28 08:36:53.178 [I] [asm_amd64.s:1374]  http server Running on http://:8080
2021/12/28 08:36:54.210 [I] [asm_amd64.s:1374]  http server Running on http://:8080
2021/12/28 08:36:55.237 [I] [asm_amd64.s:1374]  http server Running on http://:8080
2021/12/28 08:36:56.330 [I] [asm_amd64.s:1374]  http server Running on http://:8080
2021/12/28 08:36:57.299 [I] [asm_amd64.s:1374]  http server Running on http://:8080
2021/12/28 08:36:58.320 [I] [asm_amd64.s:1374]  http server Running on http://:8080
2021/12/28 08:36:59.333 [I] [asm_amd64.s:1374]  http server Running on http://:8080
2021/12/28 08:37:00.460 [I] [asm_amd64.s:1374]  http server Running on http://:8080
2021/12/28 10:22:10.652 [I] [asm_amd64.s:1374]  http server Running on http://:8080
2021/12/28 10:22:12.496 [I] [asm_amd64.s:1374]  http server Running on http://:8080
2021/12/28 10:22:14.267 [I] [asm_amd64.s:1374]  http server Running on http://:8080
2021/12/28 10:22:16.750 [I] [asm_amd64.s:1374]  http server Running on http://:8080
2021/12/28 10:22:18.976 [I] [asm_amd64.s:1374]  http server Running on http://:8080
2021/12/28 10:22:22.044 [I] [asm_amd64.s:1374]  http server Running on http://:8080
2021/12/28 10:22:24.260 [I] [asm_amd64.s:1374]  http server Running on http://:8080
2021/12/28 10:22:27.394 [I] [asm_amd64.s:1374]  http server Running on http://:8080
2021/12/28 10:22:29.353 [I] [asm_amd64.s:1374]  http server Running on http://:8080
2021/12/28 10:22:31.771 [I] [asm_amd64.s:1374]  http server Running on http://:8080
2021/12/28 10:22:33.997 [I] [asm_amd64.s:1374]  http server Running on http://:8080
2021/12/28 10:22:36.146 [I] [asm_amd64.s:1374]  http server Running on http://:8080
2021/12/28 10:22:38.674 [I] [asm_amd64.s:1374]  http server Running on http://:8080
2021/12/28 10:22:40.833 [I] [asm_amd64.s:1374]  http server Running on http://:8080
2021/12/28 10:22:42.968 [I] [asm_amd64.s:1374]  http server Running on http://:8080
2021/12/28 10:22:45.672 [I] [asm_amd64.s:1374]  http server Running on http://:8080
2021/12/28 10:22:47.910 [I] [asm_amd64.s:1374]  http server Running on http://:8080
2021/12/28 10:22:50.103 [I] [asm_amd64.s:1374]  http server Running on http://:8080
2021/12/28 10:22:52.831 [I] [asm_amd64.s:1374]  http server Running on http://:8080
2021/12/28 10:22:54.869 [I] [asm_amd64.s:1374]  http server Running on http://:8080
2021/12/28 10:22:57.593 [I] [asm_amd64.s:1374]  http server Running on http://:8080
2021/12/28 10:22:59.967 [I] [asm_amd64.s:1374]  http server Running on http://:8080
2021/12/28 13:07:51.722 [I] [asm_amd64.s:1374]  http server Running on http://:8080
2022/01/05 14:28:08.582 [I] [asm_amd64.s:1374]  http server Running on http://:8080
2022/01/05 14:28:10.824 [I] [asm_amd64.s:1374]  http server Running on http://:8080
2022/01/05 14:28:12.562 [I] [asm_amd64.s:1374]  http server Running on http://:8080
2022/01/05 14:28:14.645 [I] [asm_amd64.s:1374]  http server Running on http://:8080
2022/01/05 14:28:16.381 [I] [asm_amd64.s:1374]  http server Running on http://:8080
2022/01/05 14:28:18.212 [I] [asm_amd64.s:1374]  http server Running on http://:8080
2022/01/05 14:28:20.192 [I] [asm_amd64.s:1374]  http server Running on http://:8080
2022/01/05 14:28:22.212 [I] [asm_amd64.s:1374]  http server Running on http://:8080
2022/01/05 14:28:23.874 [I] [asm_amd64.s:1374]  http server Running on http://:8080
2022/01/05 14:28:25.697 [I] [asm_amd64.s:1374]  http server Running on http://:8080
2022/01/05 14:28:28.216 [I] [asm_amd64.s:1374]  http server Running on http://:8080
2022/01/05 14:28:30.070 [I] [asm_amd64.s:1374]  http server Running on http://:8080
2022/01/05 14:28:31.969 [I] [asm_amd64.s:1374]  http server Running on http://:8080
2022/01/05 14:28:34.286 [I] [asm_amd64.s:1374]  http server Running on http://:8080
2022/01/05 14:28:36.656 [I] [asm_amd64.s:1374]  http server Running on http://:8080
2022/01/05 14:28:39.161 [I] [asm_amd64.s:1374]  http server Running on http://:8080
2022/01/05 14:28:41.194 [I] [asm_amd64.s:1374]  http server Running on http://:8080
2022/01/05 14:28:43.915 [I] [asm_amd64.s:1374]  http server Running on http://:8080
2022/01/05 14:28:46.171 [I] [asm_amd64.s:1374]  http server Running on http://:8080
2022/01/05 14:28:48.364 [I] [asm_amd64.s:1374]  http server Running on http://:8080
2022/01/05 14:28:50.746 [I] [asm_amd64.s:1374]  http server Running on http://:8080
2022/01/05 18:48:41.182 [I] [asm_amd64.s:1374]  http server Running on http://:8080
2022/01/05 18:50:38.386 [I] [asm_amd64.s:1374]  http server Running on http://:8080
