2021/12/20 17:08:38.771 [I] [asm_amd64.s:1374]  http server Running on http://:8080
2021/12/20 17:08:39.701 [I] [asm_amd64.s:1374]  http server Running on http://:8080
2021/12/20 17:08:40.703 [I] [asm_amd64.s:1374]  http server Running on http://:8080
2021/12/20 17:08:41.694 [I] [asm_amd64.s:1374]  http server Running on http://:8080
2021/12/20 17:08:42.703 [I] [asm_amd64.s:1374]  http server Running on http://:8080
2021/12/20 17:08:43.715 [I] [asm_amd64.s:1374]  http server Running on http://:8080
2021/12/20 17:08:44.775 [I] [asm_amd64.s:1374]  http server Running on http://:8080
2021/12/20 17:08:45.771 [I] [asm_amd64.s:1374]  http server Running on http://:8080
2021/12/20 17:08:46.780 [I] [asm_amd64.s:1374]  http server Running on http://:8080
2021/12/20 17:09:20.450 [C] [panic.go:969]  the request url is  /
2021/12/20 17:09:20.450 [C] [panic.go:969]  Handler crashed with error operator `exact` need 1 args not 3
2021/12/20 17:09:20.451 [C] [panic.go:969]  D:/Go/src/runtime/panic.go:969
2021/12/20 17:09:20.451 [C] [panic.go:969]  D:/GoPATH/src/github.com/astaxie/beego/orm/db.go:1142
2021/12/20 17:09:20.451 [C] [panic.go:969]  D:/GoPATH/src/github.com/astaxie/beego/orm/db_tables.go:375
2021/12/20 17:09:20.451 [C] [panic.go:969]  D:/GoPATH/src/github.com/astaxie/beego/orm/db.go:952
2021/12/20 17:09:20.452 [C] [panic.go:969]  D:/GoPATH/src/github.com/astaxie/beego/orm/orm_queryset.go:201
2021/12/20 17:09:20.452 [C] [panic.go:969]  D:/GoPATH/src/product/models/productModels.go:49
2021/12/20 17:09:20.452 [C] [panic.go:969]  D:/GoPATH/src/product/models/productModels.go:75
2021/12/20 17:09:20.452 [C] [panic.go:969]  D:/GoPATH/src/product/controllers/productController.go:32
2021/12/20 17:09:20.452 [C] [panic.go:969]  D:/Go/src/reflect/value.go:476
2021/12/20 17:09:20.453 [C] [panic.go:969]  D:/Go/src/reflect/value.go:337
2021/12/20 17:09:20.453 [C] [panic.go:969]  D:/GoPATH/src/github.com/astaxie/beego/router.go:847
2021/12/20 17:09:20.453 [C] [panic.go:969]  D:/Go/src/net/http/server.go:2843
2021/12/20 17:09:20.453 [C] [panic.go:969]  D:/Go/src/net/http/server.go:1925
2021/12/20 17:09:20.453 [C] [panic.go:969]  D:/Go/src/runtime/asm_amd64.s:1374
2021/12/20 17:09:20.454 [server.go:3093]  [HTTP] http: superfluous response.WriteHeader call from github.com/astaxie/beego/context.(*Response).WriteHeader (context.go:221)
2021/12/20 17:13:08.181 [I] [asm_amd64.s:1374]  http server Running on http://:8080
2021/12/20 17:14:00.156 [I] [asm_amd64.s:1374]  http server Running on http://:8080
2021/12/20 17:14:09.456 [I] [asm_amd64.s:1374]  http server Running on http://:8080
2021/12/20 17:14:12.299 [I] [asm_amd64.s:1374]  http server Running on http://:8080
2021/12/20 17:14:45.252 [C] [panic.go:969]  the request url is  /
2021/12/20 17:14:45.252 [C] [panic.go:969]  Handler crashed with error operator `exact` need 1 args not 3
2021/12/20 17:14:45.252 [C] [panic.go:969]  D:/Go/src/runtime/panic.go:969
2021/12/20 17:14:45.252 [C] [panic.go:969]  D:/GoPATH/src/github.com/astaxie/beego/orm/db.go:1142
2021/12/20 17:14:45.252 [C] [panic.go:969]  D:/GoPATH/src/github.com/astaxie/beego/orm/db_tables.go:375
2021/12/20 17:14:45.252 [C] [panic.go:969]  D:/GoPATH/src/github.com/astaxie/beego/orm/db.go:952
2021/12/20 17:14:45.253 [C] [panic.go:969]  D:/GoPATH/src/github.com/astaxie/beego/orm/orm_queryset.go:212
2021/12/20 17:14:45.253 [C] [panic.go:969]  D:/GoPATH/src/product/models/productModels.go:51
2021/12/20 17:14:45.253 [C] [panic.go:969]  D:/GoPATH/src/product/models/productModels.go:78
2021/12/20 17:14:45.253 [C] [panic.go:969]  D:/GoPATH/src/product/controllers/productController.go:32
2021/12/20 17:14:45.253 [C] [panic.go:969]  D:/Go/src/reflect/value.go:476
2021/12/20 17:14:45.253 [C] [panic.go:969]  D:/Go/src/reflect/value.go:337
2021/12/20 17:14:45.253 [C] [panic.go:969]  D:/GoPATH/src/github.com/astaxie/beego/router.go:847
2021/12/20 17:14:45.253 [C] [panic.go:969]  D:/Go/src/net/http/server.go:2843
2021/12/20 17:14:45.253 [C] [panic.go:969]  D:/Go/src/net/http/server.go:1925
2021/12/20 17:14:45.253 [C] [panic.go:969]  D:/Go/src/runtime/asm_amd64.s:1374
2021/12/20 17:14:45.254 [server.go:3093]  [HTTP] http: superfluous response.WriteHeader call from github.com/astaxie/beego/context.(*Response).WriteHeader (context.go:221)
2021/12/20 17:14:48.341 [C] [panic.go:969]  the request url is  /
2021/12/20 17:14:48.341 [C] [panic.go:969]  Handler crashed with error operator `exact` need 1 args not 3
2021/12/20 17:14:48.341 [C] [panic.go:969]  D:/Go/src/runtime/panic.go:969
2021/12/20 17:14:48.342 [C] [panic.go:969]  D:/GoPATH/src/github.com/astaxie/beego/orm/db.go:1142
2021/12/20 17:14:48.342 [C] [panic.go:969]  D:/GoPATH/src/github.com/astaxie/beego/orm/db_tables.go:375
2021/12/20 17:14:48.342 [C] [panic.go:969]  D:/GoPATH/src/github.com/astaxie/beego/orm/db.go:952
2021/12/20 17:14:48.342 [C] [panic.go:969]  D:/GoPATH/src/github.com/astaxie/beego/orm/orm_queryset.go:212
2021/12/20 17:14:48.343 [C] [panic.go:969]  D:/GoPATH/src/product/models/productModels.go:51
2021/12/20 17:14:48.343 [C] [panic.go:969]  D:/GoPATH/src/product/models/productModels.go:78
2021/12/20 17:14:48.343 [C] [panic.go:969]  D:/GoPATH/src/product/controllers/productController.go:32
2021/12/20 17:14:48.343 [C] [panic.go:969]  D:/Go/src/reflect/value.go:476
2021/12/20 17:14:48.344 [C] [panic.go:969]  D:/Go/src/reflect/value.go:337
2021/12/20 17:14:48.344 [C] [panic.go:969]  D:/GoPATH/src/github.com/astaxie/beego/router.go:847
2021/12/20 17:14:48.344 [C] [panic.go:969]  D:/Go/src/net/http/server.go:2843
2021/12/20 17:14:48.344 [C] [panic.go:969]  D:/Go/src/net/http/server.go:1925
2021/12/20 17:14:48.344 [C] [panic.go:969]  D:/Go/src/runtime/asm_amd64.s:1374
2021/12/20 17:14:48.345 [server.go:3093]  [HTTP] http: superfluous response.WriteHeader call from github.com/astaxie/beego/context.(*Response).WriteHeader (context.go:221)
2021/12/20 17:16:16.445 [I] [asm_amd64.s:1374]  http server Running on http://:8080
2021/12/20 17:16:17.428 [I] [asm_amd64.s:1374]  http server Running on http://:8080
2021/12/20 17:18:03.939 [I] [asm_amd64.s:1374]  http server Running on http://:8080
2021/12/20 17:18:04.898 [I] [asm_amd64.s:1374]  http server Running on http://:8080
2021/12/20 17:18:23.090 [I] [asm_amd64.s:1374]  http server Running on http://:8080
2021/12/20 18:40:59.171 [I] [asm_amd64.s:1374]  http server Running on http://:8080
2021/12/20 18:41:00.742 [I] [asm_amd64.s:1374]  http server Running on http://:8080
2021/12/20 18:41:02.846 [I] [asm_amd64.s:1374]  http server Running on http://:8080
2021/12/20 18:41:03.903 [D] [controller.go:264]  template Execute err: template: product.html:107:18: executing "product.html" at <.Product_name>: can't evaluate field Product_name in type entity.Product
2021/12/20 18:41:03.903 [E] [server.go:2843]  template: product.html:107:18: executing "product.html" at <.Product_name>: can't evaluate field Product_name in type entity.Product
2021/12/20 18:41:05.170 [I] [asm_amd64.s:1374]  http server Running on http://:8080
2021/12/20 18:41:06.953 [I] [asm_amd64.s:1374]  http server Running on http://:8080
2021/12/20 18:41:08.777 [I] [asm_amd64.s:1374]  http server Running on http://:8080
2021/12/20 18:41:10.356 [I] [asm_amd64.s:1374]  http server Running on http://:8080
2021/12/20 18:41:12.226 [I] [asm_amd64.s:1374]  http server Running on http://:8080
2021/12/20 18:41:13.808 [I] [asm_amd64.s:1374]  http server Running on http://:8080
2021/12/20 18:41:15.515 [I] [asm_amd64.s:1374]  http server Running on http://:8080
2021/12/20 18:41:17.092 [I] [asm_amd64.s:1374]  http server Running on http://:8080
2021/12/20 18:41:18.931 [I] [asm_amd64.s:1374]  http server Running on http://:8080
2021/12/20 18:41:20.791 [I] [asm_amd64.s:1374]  http server Running on http://:8080
2021/12/20 18:41:22.621 [I] [asm_amd64.s:1374]  http server Running on http://:8080
2021/12/20 18:41:24.230 [I] [asm_amd64.s:1374]  http server Running on http://:8080
2021/12/20 18:41:25.765 [I] [asm_amd64.s:1374]  http server Running on http://:8080
2021/12/20 18:41:27.269 [I] [asm_amd64.s:1374]  http server Running on http://:8080
2021/12/20 18:41:28.859 [I] [asm_amd64.s:1374]  http server Running on http://:8080
2021/12/20 18:41:30.545 [I] [asm_amd64.s:1374]  http server Running on http://:8080
2021/12/20 18:41:32.013 [I] [asm_amd64.s:1374]  http server Running on http://:8080
2021/12/20 18:41:40.010 [D] [controller.go:264]  template Execute err: template: product.html:107:18: executing "product.html" at <.Product_name>: can't evaluate field Product_name in type entity.Product
2021/12/20 18:41:40.010 [E] [server.go:2843]  template: product.html:107:18: executing "product.html" at <.Product_name>: can't evaluate field Product_name in type entity.Product
2021/12/20 18:41:40.573 [D] [controller.go:264]  template Execute err: template: product.html:107:18: executing "product.html" at <.Product_name>: can't evaluate field Product_name in type entity.Product
2021/12/20 18:41:40.573 [E] [server.go:2843]  template: product.html:107:18: executing "product.html" at <.Product_name>: can't evaluate field Product_name in type entity.Product
2021/12/20 18:41:56.143 [D] [controller.go:264]  template Execute err: template: product.html:107:18: executing "product.html" at <.Product_name>: can't evaluate field Product_name in type entity.Product
2021/12/20 18:41:56.143 [E] [server.go:2843]  template: product.html:107:18: executing "product.html" at <.Product_name>: can't evaluate field Product_name in type entity.Product
2021/12/20 18:41:56.452 [D] [controller.go:264]  template Execute err: template: product.html:107:18: executing "product.html" at <.Product_name>: can't evaluate field Product_name in type entity.Product
2021/12/20 18:41:56.452 [E] [server.go:2843]  template: product.html:107:18: executing "product.html" at <.Product_name>: can't evaluate field Product_name in type entity.Product
2021/12/20 18:42:58.058 [D] [controller.go:264]  template Execute err: template: product.html:108:18: executing "product.html" at <.Product_name>: can't evaluate field Product_name in type entity.Product
2021/12/20 18:42:58.058 [E] [server.go:2843]  template: product.html:108:18: executing "product.html" at <.Product_name>: can't evaluate field Product_name in type entity.Product
2021/12/20 18:42:58.662 [D] [controller.go:264]  template Execute err: template: product.html:108:18: executing "product.html" at <.Product_name>: can't evaluate field Product_name in type entity.Product
2021/12/20 18:42:58.662 [E] [server.go:2843]  template: product.html:108:18: executing "product.html" at <.Product_name>: can't evaluate field Product_name in type entity.Product
2021/12/20 18:43:08.273 [I] [asm_amd64.s:1374]  http server Running on http://:8080
2021/12/20 18:43:16.848 [D] [controller.go:264]  template Execute err: template: product.html:108:18: executing "product.html" at <.Product_name>: can't evaluate field Product_name in type entity.Product
2021/12/20 18:43:16.848 [E] [server.go:2843]  template: product.html:108:18: executing "product.html" at <.Product_name>: can't evaluate field Product_name in type entity.Product
2021/12/20 18:50:27.357 [I] [asm_amd64.s:1374]  http server Running on http://:8080
2021/12/20 19:06:05.842 [I] [asm_amd64.s:1374]  http server Running on http://:8080
2021/12/20 19:07:23.178 [D] [controller.go:264]  template Execute err: template: product.html:105:16: executing "product.html" at <.Product1>: range can't iterate over {5 小度智能摄像头电视 V86 小度商城自营 1639895948 超大屏视频通话，家人面对面般亲近}
2021/12/20 19:07:23.178 [E] [server.go:2843]  template: product.html:105:16: executing "product.html" at <.Product1>: range can't iterate over {5 小度智能摄像头电视 V86 小度商城自营 1639895948 超大屏视频通话，家人面对面般亲近}
2021/12/20 19:08:29.736 [D] [controller.go:264]  template Execute err: template: product.html:105:16: executing "product.html" at <.Product0>: range can't iterate over {2 小度真无线智能耳机S1 小度商城自营 1639895138 千元级通透音质，16小时无忧续航}
2021/12/20 19:08:29.737 [E] [server.go:2843]  template: product.html:105:16: executing "product.html" at <.Product0>: range can't iterate over {2 小度真无线智能耳机S1 小度商城自营 1639895138 千元级通透音质，16小时无忧续航}
2021/12/20 19:08:30.586 [D] [controller.go:264]  template Execute err: template: product.html:105:16: executing "product.html" at <.Product0>: range can't iterate over {2 小度真无线智能耳机S1 小度商城自营 1639895138 千元级通透音质，16小时无忧续航}
2021/12/20 19:08:30.586 [E] [server.go:2843]  template: product.html:105:16: executing "product.html" at <.Product0>: range can't iterate over {2 小度真无线智能耳机S1 小度商城自营 1639895138 千元级通透音质，16小时无忧续航}
2021/12/20 19:09:10.541 [I] [asm_amd64.s:1374]  http server Running on http://:8080
2021/12/20 19:10:33.072 [I] [asm_amd64.s:1374]  http server Running on http://:8080
2021/12/20 19:12:20.211 [D] [controller.go:264]  template Execute err: template: product.html:105:16: executing "product.html" at <.Product0>: range can't iterate over {2 小度真无线智能耳机S1 小度商城自营 1639895138 千元级通透音质，16小时无忧续航}
2021/12/20 19:12:20.213 [E] [server.go:2843]  template: product.html:105:16: executing "product.html" at <.Product0>: range can't iterate over {2 小度真无线智能耳机S1 小度商城自营 1639895138 千元级通透音质，16小时无忧续航}
2021/12/20 19:12:20.747 [D] [controller.go:264]  template Execute err: template: product.html:105:16: executing "product.html" at <.Product0>: range can't iterate over {2 小度真无线智能耳机S1 小度商城自营 1639895138 千元级通透音质，16小时无忧续航}
2021/12/20 19:12:20.747 [E] [server.go:2843]  template: product.html:105:16: executing "product.html" at <.Product0>: range can't iterate over {2 小度真无线智能耳机S1 小度商城自营 1639895138 千元级通透音质，16小时无忧续航}
2021/12/20 19:12:22.379 [I] [asm_amd64.s:1374]  http server Running on http://:8080
2021/12/20 19:12:28.142 [D] [controller.go:264]  template Execute err: template: product.html:105:16: executing "product.html" at <.Product0>: range can't iterate over {2 小度真无线智能耳机S1 小度商城自营 1639895138 千元级通透音质，16小时无忧续航}
2021/12/20 19:12:28.142 [E] [server.go:2843]  template: product.html:105:16: executing "product.html" at <.Product0>: range can't iterate over {2 小度真无线智能耳机S1 小度商城自营 1639895138 千元级通透音质，16小时无忧续航}
2021/12/20 19:14:17.511 [I] [asm_amd64.s:1374]  http server Running on http://:8080
2021/12/20 19:14:28.173 [D] [controller.go:264]  template Execute err: template: product.html:105:16: executing "product.html" at <.Product0>: range can't iterate over 小度真无线智能耳机S1
2021/12/20 19:14:28.174 [E] [server.go:2843]  template: product.html:105:16: executing "product.html" at <.Product0>: range can't iterate over 小度真无线智能耳机S1
2021/12/20 19:19:23.860 [I] [asm_amd64.s:1374]  http server Running on http://:8080
2021/12/20 19:19:54.670 [I] [asm_amd64.s:1374]  http server Running on http://:8080
2021/12/20 19:22:02.427 [E] [controller.go:262]  parse template err: product.html template: product.html:136: unexpected {{end}}
2021/12/20 19:23:42.177 [D] [controller.go:264]  template Execute err: template: product.html:108:31: executing "product.html" at <.Product0.ProductName>: can't evaluate field Product0 in type interface {}
2021/12/20 19:23:42.177 [E] [server.go:2843]  template: product.html:108:31: executing "product.html" at <.Product0.ProductName>: can't evaluate field Product0 in type interface {}
2021/12/20 19:23:42.937 [D] [controller.go:264]  template Execute err: template: product.html:108:31: executing "product.html" at <.Product0.ProductName>: can't evaluate field Product0 in type interface {}
2021/12/20 19:23:42.937 [E] [server.go:2843]  template: product.html:108:31: executing "product.html" at <.Product0.ProductName>: can't evaluate field Product0 in type interface {}
2021/12/20 19:24:29.638 [D] [controller.go:264]  template Execute err: template: product.html:108:30: executing "product.html" at <.Product.ProductName>: can't evaluate field Product in type interface {}
2021/12/20 19:24:29.638 [E] [server.go:2843]  template: product.html:108:30: executing "product.html" at <.Product.ProductName>: can't evaluate field Product in type interface {}
2021/12/20 19:28:33.166 [I] [asm_amd64.s:1374]  http server Running on http://:8080
2021/12/20 19:28:37.408 [I] [asm_amd64.s:1374]  http server Running on http://:8080
2021/12/20 19:30:05.834 [D] [controller.go:264]  template Execute err: template: product.html:105:16: executing "product.html" at <.Product0>: range can't iterate over {2 小度真无线智能耳机S1 小度商城自营 1639895138 千元级通透音质，16小时无忧续航}
2021/12/20 19:30:05.834 [E] [server.go:2843]  template: product.html:105:16: executing "product.html" at <.Product0>: range can't iterate over {2 小度真无线智能耳机S1 小度商城自营 1639895138 千元级通透音质，16小时无忧续航}
2021/12/20 19:30:06.491 [D] [controller.go:264]  template Execute err: template: product.html:105:16: executing "product.html" at <.Product0>: range can't iterate over {2 小度真无线智能耳机S1 小度商城自营 1639895138 千元级通透音质，16小时无忧续航}
2021/12/20 19:30:06.491 [E] [server.go:2843]  template: product.html:105:16: executing "product.html" at <.Product0>: range can't iterate over {2 小度真无线智能耳机S1 小度商城自营 1639895138 千元级通透音质，16小时无忧续航}
2021/12/20 19:31:49.011 [I] [asm_amd64.s:1374]  http server Running on http://:8080
2021/12/20 19:34:57.601 [I] [asm_amd64.s:1374]  http server Running on http://:8080
2021/12/20 19:35:30.644 [I] [asm_amd64.s:1374]  http server Running on http://:8080
2021/12/20 19:35:49.624 [D] [controller.go:264]  template Execute err: template: product.html:105:16: executing "product.html" at <.Product>: range can't iterate over {2 小度真无线智能耳机S1 小度商城自营 1639895138 千元级通透音质，16小时无忧续航}
2021/12/20 19:35:49.624 [E] [server.go:2843]  template: product.html:105:16: executing "product.html" at <.Product>: range can't iterate over {2 小度真无线智能耳机S1 小度商城自营 1639895138 千元级通透音质，16小时无忧续航}
2021/12/20 19:37:24.671 [D] [controller.go:264]  template Execute err: template: product.html:115:16: executing "product.html" at <.Product1>: range can't iterate over {5 小度智能摄像头电视 V86 小度商城自营 1639895948 超大屏视频通话，家人面对面般亲近}
2021/12/20 19:37:24.672 [E] [server.go:2843]  template: product.html:115:16: executing "product.html" at <.Product1>: range can't iterate over {5 小度智能摄像头电视 V86 小度商城自营 1639895948 超大屏视频通话，家人面对面般亲近}
2021/12/20 19:37:25.004 [D] [controller.go:264]  template Execute err: template: product.html:115:16: executing "product.html" at <.Product1>: range can't iterate over {5 小度智能摄像头电视 V86 小度商城自营 1639895948 超大屏视频通话，家人面对面般亲近}
2021/12/20 19:37:25.004 [E] [server.go:2843]  template: product.html:115:16: executing "product.html" at <.Product1>: range can't iterate over {5 小度智能摄像头电视 V86 小度商城自营 1639895948 超大屏视频通话，家人面对面般亲近}
2021/12/20 19:37:27.664 [I] [asm_amd64.s:1374]  http server Running on http://:8080
2021/12/20 19:38:36.909 [I] [asm_amd64.s:1374]  http server Running on http://:8080
2021/12/20 19:38:42.148 [D] [controller.go:264]  template Execute err: template: product.html:105:16: executing "product.html" at <.Product0>: range can't iterate over {2 小度真无线智能耳机S1 小度商城自营 1639895138 千元级通透音质，16小时无忧续航}
2021/12/20 19:38:42.148 [E] [server.go:2843]  template: product.html:105:16: executing "product.html" at <.Product0>: range can't iterate over {2 小度真无线智能耳机S1 小度商城自营 1639895138 千元级通透音质，16小时无忧续航}
2021/12/20 19:38:43.111 [D] [controller.go:264]  template Execute err: template: product.html:105:16: executing "product.html" at <.Product0>: range can't iterate over {2 小度真无线智能耳机S1 小度商城自营 1639895138 千元级通透音质，16小时无忧续航}
2021/12/20 19:38:43.111 [E] [server.go:2843]  template: product.html:105:16: executing "product.html" at <.Product0>: range can't iterate over {2 小度真无线智能耳机S1 小度商城自营 1639895138 千元级通透音质，16小时无忧续航}
2021/12/20 19:40:41.788 [I] [asm_amd64.s:1374]  http server Running on http://:8080
2021/12/20 19:47:40.860 [I] [asm_amd64.s:1374]  http server Running on http://:8080
2021/12/20 19:47:43.426 [I] [asm_amd64.s:1374]  http server Running on http://:8080
2021/12/20 19:47:45.669 [I] [asm_amd64.s:1374]  http server Running on http://:8080
2021/12/20 19:47:47.423 [I] [asm_amd64.s:1374]  http server Running on http://:8080
2021/12/20 19:47:49.193 [I] [asm_amd64.s:1374]  http server Running on http://:8080
2021/12/20 19:47:51.293 [I] [asm_amd64.s:1374]  http server Running on http://:8080
2021/12/20 19:47:52.853 [I] [asm_amd64.s:1374]  http server Running on http://:8080
2021/12/20 19:47:54.984 [I] [asm_amd64.s:1374]  http server Running on http://:8080
2021/12/20 19:47:56.965 [I] [asm_amd64.s:1374]  http server Running on http://:8080
2021/12/20 19:47:59.117 [I] [asm_amd64.s:1374]  http server Running on http://:8080
2021/12/20 19:48:01.278 [I] [asm_amd64.s:1374]  http server Running on http://:8080
2021/12/20 19:48:03.099 [I] [asm_amd64.s:1374]  http server Running on http://:8080
2021/12/20 19:48:05.251 [I] [asm_amd64.s:1374]  http server Running on http://:8080
2021/12/20 19:48:06.877 [I] [asm_amd64.s:1374]  http server Running on http://:8080
2021/12/20 19:48:08.424 [I] [asm_amd64.s:1374]  http server Running on http://:8080
2021/12/20 19:48:10.489 [I] [asm_amd64.s:1374]  http server Running on http://:8080
2021/12/20 19:48:12.374 [I] [asm_amd64.s:1374]  http server Running on http://:8080
2021/12/20 19:48:14.423 [I] [asm_amd64.s:1374]  http server Running on http://:8080
2021/12/20 19:48:16.457 [I] [asm_amd64.s:1374]  http server Running on http://:8080
2021/12/20 19:48:18.640 [I] [asm_amd64.s:1374]  http server Running on http://:8080
2021/12/20 19:51:37.556 [I] [asm_amd64.s:1374]  http server Running on http://:8080
2021/12/20 19:52:47.918 [I] [asm_amd64.s:1374]  http server Running on http://:8080
2021/12/20 20:00:50.207 [I] [asm_amd64.s:1374]  http server Running on http://:8080
2021/12/20 20:02:20.406 [I] [asm_amd64.s:1374]  http server Running on http://:8080
2021/12/20 20:02:23.197 [I] [asm_amd64.s:1374]  http server Running on http://:8080
2021/12/20 20:03:26.909 [I] [asm_amd64.s:1374]  http server Running on http://:8080
2021/12/20 20:05:34.118 [I] [asm_amd64.s:1374]  http server Running on http://:8080
2021/12/20 20:05:41.444 [E] [productInfoController.go:31]  strconv.Atoi: parsing "http://localhost:8080/": invalid syntax
2021/12/20 20:05:41.445 [C] [panic.go:969]  the request url is  /productInfo
2021/12/20 20:05:41.446 [C] [panic.go:969]  Handler crashed with error can't find templatefile in the path:views/productinfocontroller/productinfo.tpl
2021/12/20 20:05:41.446 [C] [panic.go:969]  D:/Go/src/runtime/panic.go:969
2021/12/20 20:05:41.446 [C] [panic.go:969]  D:/GoPATH/src/github.com/astaxie/beego/template.go:73
2021/12/20 20:05:41.447 [C] [panic.go:969]  D:/GoPATH/src/github.com/astaxie/beego/controller.go:264
2021/12/20 20:05:41.447 [C] [panic.go:969]  D:/GoPATH/src/github.com/astaxie/beego/controller.go:215
2021/12/20 20:05:41.448 [C] [panic.go:969]  D:/GoPATH/src/github.com/astaxie/beego/controller.go:195
2021/12/20 20:05:41.448 [C] [panic.go:969]  D:/GoPATH/src/github.com/astaxie/beego/router.go:859
2021/12/20 20:05:41.449 [C] [panic.go:969]  D:/Go/src/net/http/server.go:2843
2021/12/20 20:05:41.449 [C] [panic.go:969]  D:/Go/src/net/http/server.go:1925
2021/12/20 20:05:41.449 [C] [panic.go:969]  D:/Go/src/runtime/asm_amd64.s:1374
2021/12/20 20:05:41.450 [server.go:3093]  [HTTP] http: superfluous response.WriteHeader call from github.com/astaxie/beego/context.(*Response).WriteHeader (context.go:221)
2021/12/20 20:07:59.115 [I] [asm_amd64.s:1374]  http server Running on http://:8080
2021/12/20 20:08:32.597 [I] [asm_amd64.s:1374]  http server Running on http://:8080
2021/12/20 20:13:21.018 [I] [asm_amd64.s:1374]  http server Running on http://:8080
2021/12/20 20:13:29.437 [E] [productInfoController.go:39]  strconv.Atoi: parsing "http://localhost:8080/": invalid syntax
2021/12/20 20:14:44.283 [I] [asm_amd64.s:1374]  http server Running on http://:8080
2021/12/20 20:15:02.329 [I] [asm_amd64.s:1374]  http server Running on http://:8080
2021/12/20 20:15:07.406 [E] [productInfoController.go:40]  strconv.Atoi: parsing "http://localhost:8080/": invalid syntax
2021/12/20 20:15:38.757 [I] [asm_amd64.s:1374]  http server Running on http://:8080
2021/12/20 20:15:44.016 [I] [asm_amd64.s:1374]  http server Running on http://:8080
2021/12/20 20:15:46.100 [E] [productInfoController.go:40]  strconv.Atoi: parsing "http://localhost:8080/": invalid syntax
2021/12/20 20:16:18.164 [E] [productInfoController.go:40]  strconv.Atoi: parsing "http://localhost:8080/product.html": invalid syntax
2021/12/20 20:17:18.173 [E] [productInfoController.go:40]  strconv.Atoi: parsing "http://localhost:8080/": invalid syntax
2021/12/20 20:17:42.637 [I] [asm_amd64.s:1374]  http server Running on http://:8080
2021/12/20 20:17:42.698 [E] [productInfoController.go:39]  strconv.Atoi: parsing "http://localhost:8080/": invalid syntax
2021/12/20 20:18:05.930 [E] [productInfoController.go:39]  strconv.Atoi: parsing "http://localhost:8080/product.html": invalid syntax
2021/12/20 20:19:44.435 [I] [asm_amd64.s:1374]  http server Running on http://:8080
2021/12/20 20:19:47.026 [E] [productInfoController.go:40]  strconv.Atoi: parsing "http://localhost:8080/": invalid syntax
2021/12/20 20:20:29.878 [E] [productInfoController.go:40]  strconv.Atoi: parsing "http://localhost:8080/": invalid syntax
2021/12/20 20:20:30.639 [I] [asm_amd64.s:1374]  http server Running on http://:8080
2021/12/20 20:20:44.532 [E] [productInfoController.go:41]  strconv.Atoi: parsing "http://localhost:8080/": invalid syntax
2021/12/20 20:21:39.269 [E] [productInfoController.go:41]  strconv.Atoi: parsing "http://localhost:8080/": invalid syntax
2021/12/20 20:21:40.571 [I] [asm_amd64.s:1374]  http server Running on http://:8080
2021/12/20 20:21:57.054 [I] [asm_amd64.s:1374]  http server Running on http://:8080
2021/12/20 20:22:08.269 [I] [asm_amd64.s:1374]  http server Running on http://:8080
2021/12/20 20:22:54.653 [I] [asm_amd64.s:1374]  http server Running on http://:8080
2021/12/20 20:48:12.808 [D] [controller.go:264]  template Execute err: template: productInfo.html:47:12: executing "productInfo.html" at <.productInfo>: range can't iterate over {5 小度智能摄像头电视 V86 小度商城自营 1639895948 超大屏视频通话，家人面对面般亲近}
2021/12/20 20:48:12.808 [E] [server.go:2843]  template: productInfo.html:47:12: executing "productInfo.html" at <.productInfo>: range can't iterate over {5 小度智能摄像头电视 V86 小度商城自营 1639895948 超大屏视频通话，家人面对面般亲近}
2021/12/20 20:50:04.326 [I] [asm_amd64.s:1374]  http server Running on http://:8080
2021/12/20 20:50:05.723 [D] [controller.go:264]  template Execute err: template: productInfo.html:47:12: executing "productInfo.html" at <.ProductInfo>: range can't iterate over {6 小度智能学习平板 M10 乐学版 小度商城自营 1639896153 10.1英寸大屏  8核流畅网课 十重智能护眼  智能作业免费辅导  免费同步名师课}
2021/12/20 20:50:05.723 [E] [server.go:2843]  template: productInfo.html:47:12: executing "productInfo.html" at <.ProductInfo>: range can't iterate over {6 小度智能学习平板 M10 乐学版 小度商城自营 1639896153 10.1英寸大屏  8核流畅网课 十重智能护眼  智能作业免费辅导  免费同步名师课}
2021/12/20 20:50:06.142 [I] [asm_amd64.s:1374]  http server Running on http://:8080
2021/12/20 20:50:07.818 [I] [asm_amd64.s:1374]  http server Running on http://:8080
2021/12/20 20:50:09.391 [I] [asm_amd64.s:1374]  http server Running on http://:8080
2021/12/20 20:50:11.200 [I] [asm_amd64.s:1374]  http server Running on http://:8080
2021/12/20 20:50:12.967 [I] [asm_amd64.s:1374]  http server Running on http://:8080
2021/12/20 20:50:14.696 [I] [asm_amd64.s:1374]  http server Running on http://:8080
2021/12/20 20:50:16.326 [I] [asm_amd64.s:1374]  http server Running on http://:8080
2021/12/20 20:50:18.122 [I] [asm_amd64.s:1374]  http server Running on http://:8080
2021/12/20 20:50:19.776 [I] [asm_amd64.s:1374]  http server Running on http://:8080
2021/12/20 20:50:21.822 [I] [asm_amd64.s:1374]  http server Running on http://:8080
2021/12/20 20:50:24.118 [I] [asm_amd64.s:1374]  http server Running on http://:8080
2021/12/20 20:50:26.758 [I] [asm_amd64.s:1374]  http server Running on http://:8080
2021/12/20 20:50:28.498 [I] [asm_amd64.s:1374]  http server Running on http://:8080
2021/12/20 20:50:30.176 [I] [asm_amd64.s:1374]  http server Running on http://:8080
2021/12/20 20:50:32.363 [I] [asm_amd64.s:1374]  http server Running on http://:8080
2021/12/20 20:50:34.830 [I] [asm_amd64.s:1374]  http server Running on http://:8080
2021/12/20 20:50:36.915 [I] [asm_amd64.s:1374]  http server Running on http://:8080
2021/12/20 20:52:13.409 [I] [asm_amd64.s:1374]  http server Running on http://:8080
2021/12/20 20:52:48.187 [I] [asm_amd64.s:1374]  http server Running on http://:8080
2021/12/20 20:52:50.133 [I] [asm_amd64.s:1374]  http server Running on http://:8080
2021/12/20 20:52:58.156 [I] [asm_amd64.s:1374]  http server Running on http://:8080
2021/12/23 11:40:46.319 [I] [asm_amd64.s:1374]  http server Running on http://:8080
2021/12/23 11:40:47.274 [I] [asm_amd64.s:1374]  http server Running on http://:8080
2021/12/23 11:40:48.321 [I] [asm_amd64.s:1374]  http server Running on http://:8080
2021/12/23 11:40:49.630 [I] [asm_amd64.s:1374]  http server Running on http://:8080
2021/12/23 11:40:50.631 [I] [asm_amd64.s:1374]  http server Running on http://:8080
2021/12/23 11:40:51.824 [I] [asm_amd64.s:1374]  http server Running on http://:8080
2021/12/23 11:40:52.676 [I] [asm_amd64.s:1374]  http server Running on http://:8080
2021/12/23 11:40:53.720 [I] [asm_amd64.s:1374]  http server Running on http://:8080
2021/12/23 11:40:54.770 [I] [asm_amd64.s:1374]  http server Running on http://:8080
2021/12/23 11:40:55.865 [I] [asm_amd64.s:1374]  http server Running on http://:8080
2021/12/23 11:40:56.882 [I] [asm_amd64.s:1374]  http server Running on http://:8080
2021/12/23 11:40:57.852 [I] [asm_amd64.s:1374]  http server Running on http://:8080
2021/12/23 11:40:58.851 [I] [asm_amd64.s:1374]  http server Running on http://:8080
2021/12/23 11:40:59.794 [I] [asm_amd64.s:1374]  http server Running on http://:8080
2021/12/23 14:42:19.352 [I] [asm_amd64.s:1374]  http server Running on http://:8080
2021/12/23 14:42:20.932 [I] [asm_amd64.s:1374]  http server Running on http://:8080
2021/12/23 14:42:23.024 [I] [asm_amd64.s:1374]  http server Running on http://:8080
2021/12/23 14:42:24.890 [I] [asm_amd64.s:1374]  http server Running on http://:8080
2021/12/23 14:42:26.757 [I] [asm_amd64.s:1374]  http server Running on http://:8080
2021/12/23 14:42:28.279 [I] [asm_amd64.s:1374]  http server Running on http://:8080
2021/12/23 14:42:30.020 [I] [asm_amd64.s:1374]  http server Running on http://:8080
2021/12/23 14:42:31.920 [I] [asm_amd64.s:1374]  http server Running on http://:8080
2021/12/23 14:42:33.754 [I] [asm_amd64.s:1374]  http server Running on http://:8080
2021/12/23 14:42:36.120 [I] [asm_amd64.s:1374]  http server Running on http://:8080
2021/12/23 14:42:37.887 [I] [asm_amd64.s:1374]  http server Running on http://:8080
2021/12/23 14:42:39.686 [I] [asm_amd64.s:1374]  http server Running on http://:8080
2021/12/23 14:42:41.392 [I] [asm_amd64.s:1374]  http server Running on http://:8080
2021/12/23 14:42:43.147 [I] [asm_amd64.s:1374]  http server Running on http://:8080
2021/12/23 14:42:44.863 [I] [asm_amd64.s:1374]  http server Running on http://:8080
2021/12/23 14:42:46.538 [I] [asm_amd64.s:1374]  http server Running on http://:8080
2021/12/23 14:42:48.300 [I] [asm_amd64.s:1374]  http server Running on http://:8080
2021/12/23 14:42:49.966 [I] [asm_amd64.s:1374]  http server Running on http://:8080
2021/12/23 14:42:51.714 [I] [asm_amd64.s:1374]  http server Running on http://:8080
2021/12/23 14:42:53.401 [I] [asm_amd64.s:1374]  http server Running on http://:8080
2021/12/23 14:42:55.287 [I] [asm_amd64.s:1374]  http server Running on http://:8080
2021/12/24 14:23:08.832 [I] [asm_amd64.s:1374]  http server Running on http://:8080
2021/12/24 14:23:10.891 [I] [asm_amd64.s:1374]  http server Running on http://:8080
2021/12/24 14:23:12.711 [I] [asm_amd64.s:1374]  http server Running on http://:8080
2021/12/24 14:23:14.802 [I] [asm_amd64.s:1374]  http server Running on http://:8080
2021/12/24 15:13:09.368 [I] [asm_amd64.s:1374]  http server Running on http://:8080
2021/12/24 15:18:56.905 [I] [asm_amd64.s:1374]  http server Running on http://:8080
2021/12/24 15:19:31.714 [I] [asm_amd64.s:1374]  http server Running on http://:8080
2021/12/24 15:19:41.809 [I] [asm_amd64.s:1374]  http server Running on http://:8080
2021/12/24 15:20:03.291 [I] [asm_amd64.s:1374]  http server Running on http://:8080
2021/12/24 15:26:03.437 [E] [productInfoController.go:42]  strconv.Atoi: parsing "7?producer=京东": invalid syntax
2021/12/24 15:26:03.824 [I] [asm_amd64.s:1374]  http server Running on http://:8080
2021/12/24 15:26:48.983 [E] [productInfoController.go:41]  strconv.Atoi: parsing "7?producer=京东": invalid syntax
2021/12/24 15:32:13.908 [I] [asm_amd64.s:1374]  http server Running on http://:8080
2021/12/24 15:32:23.575 [I] [asm_amd64.s:1374]  http server Running on http://:8080
2021/12/24 15:32:38.989 [E] [productInfoController.go:43]  strconv.Atoi: parsing "7?producer=京东": invalid syntax
2021/12/24 15:34:38.547 [I] [asm_amd64.s:1374]  http server Running on http://:8080
2021/12/24 15:40:02.601 [I] [asm_amd64.s:1374]  http server Running on http://:8080
2021/12/24 15:40:05.974 [E] [productInfoController.go:42]  strconv.Atoi: parsing "7?producer=京东": invalid syntax
2021/12/24 15:41:05.388 [I] [asm_amd64.s:1374]  http server Running on http://:8080
2021/12/24 15:42:01.941 [I] [asm_amd64.s:1374]  http server Running on http://:8080
2021/12/24 15:42:36.810 [I] [asm_amd64.s:1374]  http server Running on http://:8080
2021/12/24 15:44:54.254 [I] [asm_amd64.s:1374]  http server Running on http://:8080
2021/12/24 15:49:01.300 [I] [asm_amd64.s:1374]  http server Running on http://:8080
2021/12/24 16:55:41.057 [I] [asm_amd64.s:1374]  http server Running on http://:8080
2021/12/24 16:55:43.519 [I] [asm_amd64.s:1374]  http server Running on http://:8080
2021/12/24 16:55:46.220 [I] [asm_amd64.s:1374]  http server Running on http://:8080
2021/12/24 16:55:48.677 [I] [asm_amd64.s:1374]  http server Running on http://:8080
2021/12/24 16:55:51.263 [I] [asm_amd64.s:1374]  http server Running on http://:8080
2021/12/24 16:55:53.463 [I] [asm_amd64.s:1374]  http server Running on http://:8080
2021/12/24 16:55:56.330 [I] [asm_amd64.s:1374]  http server Running on http://:8080
2021/12/24 16:55:58.739 [I] [asm_amd64.s:1374]  http server Running on http://:8080
2021/12/24 16:56:01.038 [I] [asm_amd64.s:1374]  http server Running on http://:8080
2021/12/24 16:56:02.858 [I] [asm_amd64.s:1374]  http server Running on http://:8080
2021/12/24 16:56:05.765 [I] [asm_amd64.s:1374]  http server Running on http://:8080
2021/12/24 16:56:08.286 [I] [asm_amd64.s:1374]  http server Running on http://:8080
2021/12/24 16:56:10.448 [I] [asm_amd64.s:1374]  http server Running on http://:8080
2021/12/24 16:56:12.795 [I] [asm_amd64.s:1374]  http server Running on http://:8080
2021/12/24 16:56:14.586 [I] [asm_amd64.s:1374]  http server Running on http://:8080
2021/12/24 16:56:16.826 [I] [asm_amd64.s:1374]  http server Running on http://:8080
2021/12/24 16:56:19.703 [I] [asm_amd64.s:1374]  http server Running on http://:8080
2021/12/24 16:56:22.278 [I] [asm_amd64.s:1374]  http server Running on http://:8080
2021/12/24 16:56:24.498 [I] [asm_amd64.s:1374]  http server Running on http://:8080
2021/12/24 16:56:26.787 [I] [asm_amd64.s:1374]  http server Running on http://:8080
2021/12/24 16:56:28.777 [I] [asm_amd64.s:1374]  http server Running on http://:8080
2021/12/24 17:02:13.900 [I] [asm_amd64.s:1374]  http server Running on http://:8080
2021/12/24 17:38:53.471 [I] [asm_amd64.s:1374]  http server Running on http://:8080
2021/12/24 17:51:16.903 [I] [asm_amd64.s:1374]  http server Running on http://:8080
2021/12/24 17:57:07.541 [I] [asm_amd64.s:1374]  http server Running on http://:8080
2021/12/24 17:57:08.924 [I] [asm_amd64.s:1374]  http server Running on http://:8080
2021/12/24 17:57:10.194 [I] [asm_amd64.s:1374]  http server Running on http://:8080
2021/12/24 17:57:11.210 [I] [asm_amd64.s:1374]  http server Running on http://:8080
2021/12/24 17:57:12.273 [I] [asm_amd64.s:1374]  http server Running on http://:8080
2021/12/24 17:57:13.397 [I] [asm_amd64.s:1374]  http server Running on http://:8080
2021/12/24 17:57:14.553 [I] [asm_amd64.s:1374]  http server Running on http://:8080
2021/12/24 17:57:15.700 [I] [asm_amd64.s:1374]  http server Running on http://:8080
2021/12/24 17:57:16.856 [I] [asm_amd64.s:1374]  http server Running on http://:8080
2021/12/24 17:57:18.054 [I] [asm_amd64.s:1374]  http server Running on http://:8080
2021/12/24 17:57:19.262 [I] [asm_amd64.s:1374]  http server Running on http://:8080
2021/12/24 17:57:20.508 [I] [asm_amd64.s:1374]  http server Running on http://:8080
2021/12/24 17:57:21.657 [I] [asm_amd64.s:1374]  http server Running on http://:8080
2021/12/24 17:57:22.966 [I] [asm_amd64.s:1374]  http server Running on http://:8080
2021/12/24 17:57:24.070 [I] [asm_amd64.s:1374]  http server Running on http://:8080
2021/12/24 17:57:25.238 [I] [asm_amd64.s:1374]  http server Running on http://:8080
2021/12/24 17:57:26.339 [I] [asm_amd64.s:1374]  http server Running on http://:8080
2021/12/24 17:57:27.371 [I] [asm_amd64.s:1374]  http server Running on http://:8080
2021/12/24 17:57:28.573 [I] [asm_amd64.s:1374]  http server Running on http://:8080
2021/12/24 17:57:30.196 [I] [asm_amd64.s:1374]  http server Running on http://:8080
2021/12/24 17:57:31.126 [I] [asm_amd64.s:1374]  http server Running on http://:8080
2021/12/24 18:00:39.178 [E] [user.go:74]  <QuerySeter> no row found
2021/12/24 18:00:39.178 [E] [userModels.go:30]  <QuerySeter> no row found
2021/12/24 18:03:20.762 [E] [user.go:74]  <QuerySeter> no row found
2021/12/24 18:03:20.763 [E] [userModels.go:30]  <QuerySeter> no row found
2021/12/24 18:04:49.750 [I] [asm_amd64.s:1374]  http server Running on http://:8080
2021/12/24 18:05:25.358 [I] [asm_amd64.s:1374]  http server Running on http://:8080
2021/12/24 18:05:57.592 [I] [asm_amd64.s:1374]  http server Running on http://:8080
2021/12/24 18:06:19.178 [I] [asm_amd64.s:1374]  http server Running on http://:8080
2021/12/24 18:07:25.293 [I] [asm_amd64.s:1374]  http server Running on http://:8080
2021/12/24 21:19:19.284 [I] [asm_amd64.s:1374]  http server Running on http://:8080
2021/12/24 21:19:20.988 [I] [asm_amd64.s:1374]  http server Running on http://:8080
2021/12/24 21:19:22.865 [I] [asm_amd64.s:1374]  http server Running on http://:8080
2021/12/24 21:19:24.701 [I] [asm_amd64.s:1374]  http server Running on http://:8080
2021/12/24 21:19:26.318 [I] [asm_amd64.s:1374]  http server Running on http://:8080
2021/12/24 21:19:27.908 [I] [asm_amd64.s:1374]  http server Running on http://:8080
2021/12/24 21:19:29.850 [I] [asm_amd64.s:1374]  http server Running on http://:8080
2021/12/24 21:19:31.733 [I] [asm_amd64.s:1374]  http server Running on http://:8080
2021/12/24 21:19:33.166 [I] [asm_amd64.s:1374]  http server Running on http://:8080
2021/12/24 21:19:34.833 [I] [asm_amd64.s:1374]  http server Running on http://:8080
2021/12/24 21:19:36.934 [I] [asm_amd64.s:1374]  http server Running on http://:8080
2021/12/24 21:19:38.988 [I] [asm_amd64.s:1374]  http server Running on http://:8080
2021/12/24 21:19:41.328 [I] [asm_amd64.s:1374]  http server Running on http://:8080
2021/12/24 21:19:43.026 [I] [asm_amd64.s:1374]  http server Running on http://:8080
2021/12/24 21:19:45.103 [I] [asm_amd64.s:1374]  http server Running on http://:8080
2021/12/24 21:19:46.948 [I] [asm_amd64.s:1374]  http server Running on http://:8080
2021/12/24 21:19:48.601 [I] [asm_amd64.s:1374]  http server Running on http://:8080
2021/12/24 21:19:48.893 [D] [controller.go:264]  template Execute err: template: productInfo.html:44:32: executing "productInfo.html" at <.Price>: can't evaluate field Price in type interface {}
2021/12/24 21:19:48.894 [E] [server.go:2843]  template: productInfo.html:44:32: executing "productInfo.html" at <.Price>: can't evaluate field Price in type interface {}
2021/12/24 21:19:50.481 [I] [asm_amd64.s:1374]  http server Running on http://:8080
2021/12/24 21:19:52.049 [I] [asm_amd64.s:1374]  http server Running on http://:8080
2021/12/24 21:19:54.489 [I] [asm_amd64.s:1374]  http server Running on http://:8080
2021/12/24 21:19:56.154 [I] [asm_amd64.s:1374]  http server Running on http://:8080
2021/12/24 21:22:15.759 [I] [asm_amd64.s:1374]  http server Running on http://:8080
2021/12/24 21:22:26.352 [D] [controller.go:264]  template Execute err: template: productInfo.html:37:14: executing "productInfo.html" at <.Id>: can't evaluate field Id in type interface {}
2021/12/24 21:22:26.353 [E] [server.go:2843]  template: productInfo.html:37:14: executing "productInfo.html" at <.Id>: can't evaluate field Id in type interface {}
2021/12/24 21:22:59.864 [D] [controller.go:264]  template Execute err: template: productInfo.html:37:14: executing "productInfo.html" at <.Id>: can't evaluate field Id in type interface {}
2021/12/24 21:22:59.864 [E] [server.go:2843]  template: productInfo.html:37:14: executing "productInfo.html" at <.Id>: can't evaluate field Id in type interface {}
2021/12/24 21:23:01.125 [D] [controller.go:264]  template Execute err: template: productInfo.html:37:14: executing "productInfo.html" at <.Id>: can't evaluate field Id in type interface {}
2021/12/24 21:23:01.125 [E] [server.go:2843]  template: productInfo.html:37:14: executing "productInfo.html" at <.Id>: can't evaluate field Id in type interface {}
2021/12/24 21:23:03.752 [D] [controller.go:264]  template Execute err: template: productInfo.html:37:14: executing "productInfo.html" at <.Id>: can't evaluate field Id in type interface {}
2021/12/24 21:23:03.752 [E] [server.go:2843]  template: productInfo.html:37:14: executing "productInfo.html" at <.Id>: can't evaluate field Id in type interface {}
2021/12/24 21:23:06.681 [D] [controller.go:264]  template Execute err: template: productInfo.html:37:14: executing "productInfo.html" at <.Id>: can't evaluate field Id in type interface {}
2021/12/24 21:23:06.681 [E] [server.go:2843]  template: productInfo.html:37:14: executing "productInfo.html" at <.Id>: can't evaluate field Id in type interface {}
2021/12/24 21:23:57.257 [D] [controller.go:264]  template Execute err: template: productInfo.html:37:14: executing "productInfo.html" at <.Id>: can't evaluate field Id in type interface {}
2021/12/24 21:23:57.257 [E] [server.go:2843]  template: productInfo.html:37:14: executing "productInfo.html" at <.Id>: can't evaluate field Id in type interface {}
2021/12/24 21:23:59.733 [D] [controller.go:264]  template Execute err: template: productInfo.html:37:14: executing "productInfo.html" at <.Id>: can't evaluate field Id in type interface {}
2021/12/24 21:23:59.733 [E] [server.go:2843]  template: productInfo.html:37:14: executing "productInfo.html" at <.Id>: can't evaluate field Id in type interface {}
2021/12/24 21:25:16.937 [D] [controller.go:264]  template Execute err: template: productInfo2.html:16:10: executing "productInfo2.html" at <.Id>: can't evaluate field Id in type interface {}
2021/12/24 21:25:16.937 [E] [server.go:2843]  template: productInfo2.html:16:10: executing "productInfo2.html" at <.Id>: can't evaluate field Id in type interface {}
2021/12/24 21:25:21.748 [D] [controller.go:264]  template Execute err: template: productInfo.html:37:10: executing "productInfo.html" at <.Id>: can't evaluate field Id in type interface {}
2021/12/24 21:25:21.748 [E] [server.go:2843]  template: productInfo.html:37:10: executing "productInfo.html" at <.Id>: can't evaluate field Id in type interface {}
2021/12/24 21:25:52.453 [I] [asm_amd64.s:1374]  http server Running on http://:8080
2021/12/24 21:26:50.468 [I] [asm_amd64.s:1374]  http server Running on http://:8080
2021/12/24 21:26:58.177 [I] [asm_amd64.s:1374]  http server Running on http://:8080
2021/12/24 21:39:58.958 [I] [asm_amd64.s:1374]  http server Running on http://:8080
2021/12/24 21:42:00.428 [I] [asm_amd64.s:1374]  http server Running on http://:8080
2021/12/24 21:42:44.486 [I] [asm_amd64.s:1374]  http server Running on http://:8080
2021/12/24 21:42:46.097 [I] [asm_amd64.s:1374]  http server Running on http://:8080
2021/12/24 21:43:03.001 [I] [asm_amd64.s:1374]  http server Running on http://:8080
2021/12/24 21:43:20.433 [E] [product.go:70]  Error 1054: Unknown column 'T0.price' in 'field list'
2021/12/24 21:43:20.433 [E] [productInfoController.go:56]  strconv.ParseInt: parsing "": invalid syntax
2021/12/24 21:43:25.583 [E] [product.go:70]  Error 1054: Unknown column 'T0.price' in 'field list'
2021/12/24 21:43:25.583 [E] [productInfoController.go:56]  strconv.ParseInt: parsing "": invalid syntax
2021/12/24 21:43:27.103 [E] [product.go:70]  Error 1054: Unknown column 'T0.price' in 'field list'
2021/12/24 21:43:27.103 [E] [productInfoController.go:56]  strconv.ParseInt: parsing "": invalid syntax
2021/12/24 21:44:01.440 [I] [asm_amd64.s:1374]  http server Running on http://:8080
2021/12/24 21:44:10.947 [E] [productModels.go:60]  Error 1054: Unknown column 'T0.price' in 'field list'
2021/12/24 21:44:10.947 [E] [productModels.go:80]  Error 1054: Unknown column 'T0.price' in 'field list'
2021/12/24 21:44:12.652 [E] [product.go:70]  Error 1054: Unknown column 'T0.price' in 'field list'
2021/12/24 21:44:12.652 [E] [productInfoController.go:56]  strconv.ParseInt: parsing "": invalid syntax
2021/12/24 21:44:15.114 [E] [product.go:70]  Error 1054: Unknown column 'T0.price' in 'field list'
2021/12/24 21:44:15.114 [E] [productInfoController.go:56]  strconv.ParseInt: parsing "": invalid syntax
2021/12/24 21:44:15.435 [E] [product.go:70]  Error 1054: Unknown column 'T0.price' in 'field list'
2021/12/24 21:44:15.436 [E] [productInfoController.go:56]  strconv.ParseInt: parsing "": invalid syntax
2021/12/24 21:44:15.698 [E] [product.go:70]  Error 1054: Unknown column 'T0.price' in 'field list'
2021/12/24 21:44:15.699 [E] [productInfoController.go:56]  strconv.ParseInt: parsing "": invalid syntax
2021/12/24 21:44:39.699 [E] [product.go:70]  Error 1054: Unknown column 'T0.price' in 'field list'
2021/12/24 21:44:39.699 [E] [productInfoController.go:56]  strconv.ParseInt: parsing "": invalid syntax
2021/12/24 21:44:40.408 [E] [product.go:70]  Error 1054: Unknown column 'T0.price' in 'field list'
2021/12/24 21:44:40.408 [E] [productInfoController.go:56]  strconv.ParseInt: parsing "": invalid syntax
2021/12/24 21:44:40.668 [E] [product.go:70]  Error 1054: Unknown column 'T0.price' in 'field list'
2021/12/24 21:44:40.669 [E] [productInfoController.go:56]  strconv.ParseInt: parsing "": invalid syntax
2021/12/24 21:45:40.490 [E] [product.go:70]  Error 1054: Unknown column 'T0.price' in 'field list'
2021/12/24 21:45:40.490 [E] [productInfoController.go:56]  strconv.ParseInt: parsing "": invalid syntax
2021/12/24 21:45:40.963 [E] [product.go:70]  Error 1054: Unknown column 'T0.price' in 'field list'
2021/12/24 21:45:40.964 [E] [productInfoController.go:56]  strconv.ParseInt: parsing "": invalid syntax
2021/12/24 21:45:42.220 [I] [asm_amd64.s:1374]  http server Running on http://:8080
2021/12/24 21:45:51.353 [E] [product.go:70]  Error 1054: Unknown column 'T0.price' in 'field list'
2021/12/24 21:45:51.353 [E] [productInfoController.go:56]  strconv.ParseInt: parsing "": invalid syntax
2021/12/24 21:45:51.933 [E] [product.go:70]  Error 1054: Unknown column 'T0.price' in 'field list'
2021/12/24 21:45:51.933 [E] [productInfoController.go:56]  strconv.ParseInt: parsing "": invalid syntax
2021/12/24 21:45:53.630 [E] [product.go:70]  Error 1054: Unknown column 'T0.price' in 'field list'
2021/12/24 21:45:53.630 [E] [productInfoController.go:56]  strconv.ParseInt: parsing "": invalid syntax
2021/12/24 21:46:53.576 [E] [productModels.go:60]  Error 1054: Unknown column 'T0.price' in 'field list'
2021/12/24 21:46:53.576 [E] [productModels.go:80]  Error 1054: Unknown column 'T0.price' in 'field list'
2021/12/24 21:46:57.273 [E] [product.go:70]  Error 1054: Unknown column 'T0.price' in 'field list'
2021/12/24 21:46:57.274 [E] [productInfoController.go:56]  strconv.ParseInt: parsing "": invalid syntax
2021/12/24 21:47:52.901 [E] [productModels.go:60]  invalid connection
2021/12/24 21:47:52.901 [E] [productModels.go:80]  invalid connection
2021/12/24 21:48:27.548 [E] [productModels.go:60]  Error 1054: Unknown column 'T0.price' in 'field list'
2021/12/24 21:48:27.548 [E] [productModels.go:80]  Error 1054: Unknown column 'T0.price' in 'field list'
2021/12/24 21:48:27.945 [E] [productModels.go:60]  Error 1054: Unknown column 'T0.price' in 'field list'
2021/12/24 21:48:27.946 [E] [productModels.go:80]  Error 1054: Unknown column 'T0.price' in 'field list'
2021/12/24 21:48:34.707 [E] [product.go:70]  Error 1054: Unknown column 'T0.price' in 'field list'
2021/12/24 21:48:34.707 [E] [productInfoController.go:56]  strconv.ParseInt: parsing "": invalid syntax
2021/12/24 21:49:58.553 [I] [asm_amd64.s:1374]  http server Running on http://:8080
2021/12/24 21:50:29.705 [I] [asm_amd64.s:1374]  http server Running on http://:8080
2021/12/24 21:51:01.949 [I] [asm_amd64.s:1374]  http server Running on http://:8080
2021/12/24 21:51:04.699 [E] [productModels.go:60]  Error 1054: Unknown column 'T0.price' in 'field list'
2021/12/24 21:51:04.699 [E] [productModels.go:80]  Error 1054: Unknown column 'T0.price' in 'field list'
2021/12/24 21:51:08.670 [E] [product.go:70]  Error 1054: Unknown column 'T0.price' in 'field list'
2021/12/24 21:51:08.670 [E] [productInfoController.go:56]  strconv.ParseInt: parsing "": invalid syntax
2021/12/24 21:52:52.707 [I] [asm_amd64.s:1374]  http server Running on http://:8080
2021/12/24 21:54:48.426 [I] [asm_amd64.s:1374]  http server Running on http://:8080
2021/12/24 21:56:27.578 [I] [asm_amd64.s:1374]  http server Running on http://:8080
2021/12/24 21:59:48.662 [I] [asm_amd64.s:1374]  http server Running on http://:8080
2021/12/24 22:00:14.101 [I] [asm_amd64.s:1374]  http server Running on http://:8080
2021/12/24 22:00:47.389 [I] [asm_amd64.s:1374]  http server Running on http://:8080
2021/12/24 22:01:28.108 [I] [asm_amd64.s:1374]  http server Running on http://:8080
2021/12/24 22:01:29.879 [I] [asm_amd64.s:1374]  http server Running on http://:8080
2021/12/24 22:01:34.931 [I] [asm_amd64.s:1374]  http server Running on http://:8080
2021/12/24 22:01:50.913 [I] [asm_amd64.s:1374]  http server Running on http://:8080
2021/12/24 22:01:57.109 [E] [productModels.go:60]  Error 1054: Unknown column 'T0.price' in 'field list'
2021/12/24 22:01:57.109 [E] [productModels.go:80]  Error 1054: Unknown column 'T0.price' in 'field list'
2021/12/24 22:01:57.575 [E] [productModels.go:60]  Error 1054: Unknown column 'T0.price' in 'field list'
2021/12/24 22:01:57.575 [E] [productModels.go:80]  Error 1054: Unknown column 'T0.price' in 'field list'
2021/12/24 22:01:57.831 [E] [productModels.go:60]  Error 1054: Unknown column 'T0.price' in 'field list'
2021/12/24 22:01:57.831 [E] [productModels.go:80]  Error 1054: Unknown column 'T0.price' in 'field list'
2021/12/24 22:01:58.402 [E] [product.go:70]  Error 1054: Unknown column 'T0.price' in 'field list'
2021/12/24 22:01:58.403 [E] [productInfoController.go:56]  strconv.ParseInt: parsing "": invalid syntax
2021/12/24 22:02:58.200 [I] [asm_amd64.s:1374]  http server Running on http://:8080
2021/12/24 22:02:59.911 [I] [asm_amd64.s:1374]  http server Running on http://:8080
2021/12/24 22:03:42.829 [I] [asm_amd64.s:1374]  http server Running on http://:8080
2021/12/24 22:03:44.826 [I] [asm_amd64.s:1374]  http server Running on http://:8080
2021/12/24 22:03:50.829 [I] [asm_amd64.s:1374]  http server Running on http://:8080
2021/12/24 22:03:56.801 [E] [productModels.go:60]  Error 1054: Unknown column 'T0.price' in 'field list'
2021/12/24 22:03:56.802 [E] [productModels.go:80]  Error 1054: Unknown column 'T0.price' in 'field list'
2021/12/24 22:04:00.363 [E] [product.go:70]  Error 1054: Unknown column 'T0.price' in 'field list'
2021/12/24 22:04:00.363 [E] [productInfoController.go:56]  strconv.ParseInt: parsing "": invalid syntax
2021/12/24 22:04:32.501 [I] [asm_amd64.s:1374]  http server Running on http://:8080
2021/12/24 22:08:13.618 [I] [asm_amd64.s:1374]  http server Running on http://:8080
2021/12/24 22:08:39.433 [I] [asm_amd64.s:1374]  http server Running on http://:8080
2021/12/24 22:10:46.694 [D] [controller.go:264]  template Execute err: template: productInfo.html:49:28: executing "productInfo.html" at <.Money>: can't evaluate field Money in type interface {}
2021/12/24 22:10:46.695 [E] [server.go:2843]  template: productInfo.html:49:28: executing "productInfo.html" at <.Money>: can't evaluate field Money in type interface {}
2021/12/24 22:10:48.838 [D] [controller.go:264]  template Execute err: template: productInfo.html:49:28: executing "productInfo.html" at <.Money>: can't evaluate field Money in type interface {}
2021/12/24 22:10:48.838 [E] [server.go:2843]  template: productInfo.html:49:28: executing "productInfo.html" at <.Money>: can't evaluate field Money in type interface {}
2021/12/24 22:10:50.804 [D] [controller.go:264]  template Execute err: template: productInfo.html:49:28: executing "productInfo.html" at <.Money>: can't evaluate field Money in type interface {}
2021/12/24 22:10:50.804 [E] [server.go:2843]  template: productInfo.html:49:28: executing "productInfo.html" at <.Money>: can't evaluate field Money in type interface {}
2021/12/24 22:11:43.762 [I] [asm_amd64.s:1374]  http server Running on http://:8080
2021/12/24 22:12:21.730 [I] [asm_amd64.s:1374]  http server Running on http://:8080
2021/12/24 22:12:29.267 [E] [productModels.go:60]  Error 1054: Unknown column 'T0.money' in 'field list'
2021/12/24 22:12:29.267 [E] [productModels.go:80]  Error 1054: Unknown column 'T0.money' in 'field list'
2021/12/24 22:12:29.987 [E] [productModels.go:60]  Error 1054: Unknown column 'T0.money' in 'field list'
2021/12/24 22:12:29.987 [E] [productModels.go:80]  Error 1054: Unknown column 'T0.money' in 'field list'
2021/12/24 22:13:36.647 [I] [asm_amd64.s:1374]  http server Running on http://:8080
2021/12/24 22:13:38.056 [I] [asm_amd64.s:1374]  http server Running on http://:8080
2021/12/24 22:18:52.789 [I] [asm_amd64.s:1374]  http server Running on http://:8080
2021/12/24 22:19:49.038 [I] [asm_amd64.s:1374]  http server Running on http://:8080
2021/12/24 22:19:50.671 [I] [asm_amd64.s:1374]  http server Running on http://:8080
2021/12/24 22:19:52.661 [I] [asm_amd64.s:1374]  http server Running on http://:8080
2021/12/24 22:19:54.835 [I] [asm_amd64.s:1374]  http server Running on http://:8080
2021/12/24 22:19:56.710 [I] [asm_amd64.s:1374]  http server Running on http://:8080
2021/12/24 22:19:59.024 [I] [asm_amd64.s:1374]  http server Running on http://:8080
2021/12/24 22:20:01.265 [I] [asm_amd64.s:1374]  http server Running on http://:8080
2021/12/24 22:20:02.998 [I] [asm_amd64.s:1374]  http server Running on http://:8080
2021/12/24 22:20:04.701 [I] [asm_amd64.s:1374]  http server Running on http://:8080
2021/12/24 22:20:06.796 [I] [asm_amd64.s:1374]  http server Running on http://:8080
2021/12/24 22:20:08.484 [I] [asm_amd64.s:1374]  http server Running on http://:8080
2021/12/24 22:20:10.333 [I] [asm_amd64.s:1374]  http server Running on http://:8080
2021/12/24 22:20:12.507 [I] [asm_amd64.s:1374]  http server Running on http://:8080
2021/12/24 22:20:14.256 [I] [asm_amd64.s:1374]  http server Running on http://:8080
2021/12/24 22:20:16.021 [I] [asm_amd64.s:1374]  http server Running on http://:8080
2021/12/24 22:20:18.049 [I] [asm_amd64.s:1374]  http server Running on http://:8080
2021/12/24 22:20:19.681 [I] [asm_amd64.s:1374]  http server Running on http://:8080
2021/12/24 22:20:21.556 [I] [asm_amd64.s:1374]  http server Running on http://:8080
2021/12/24 22:20:23.396 [I] [asm_amd64.s:1374]  http server Running on http://:8080
2021/12/24 22:21:59.913 [D] [controller.go:264]  template Execute err: template: productInfo.html:44:26: executing "productInfo.html" at <.Price>: can't evaluate field Price in type interface {}
2021/12/24 22:21:59.914 [E] [server.go:2843]  template: productInfo.html:44:26: executing "productInfo.html" at <.Price>: can't evaluate field Price in type interface {}
